<?xml version='1.0' encoding='UTF-8'?>
<testsuite hostname="dlwlrma" name="forcomp.AnagramsSuite" tests="11" errors="0" failures="0" skipped="0" time="0.525" timestamp="2020-12-03T19:44:43">
                     <properties>
      <property name="jline.esc.timeout" value="0"/><property name="java.runtime.name" value="Java(TM) SE Runtime Environment"/><property name="sun.boot.library.path" value="C:\Program Files\Java\jdk1.8.0_211\jre\bin"/><property name="java.vm.version" value="25.211-b12"/><property name="java.vm.vendor" value="Oracle Corporation"/><property name="java.vendor.url" value="http://java.oracle.com/"/><property name="path.separator" value=";"/><property name="jna.loaded" value="true"/><property name="java.vm.name" value="Java HotSpot(TM) 64-Bit Server VM"/><property name="file.encoding.pkg" value="sun.io"/><property name="user.country" value="CN"/><property name="user.script" value=""/><property name="sun.java.launcher" value="SUN_STANDARD"/><property name="sun.os.patch.level" value=""/><property name="jna.nosys" value="true"/><property name="java.vm.specification.name" value="Java Virtual Machine Specification"/><property name="user.dir" value="C:\Users\laker\Desktop\fp_in_scala\forcomp"/><property name="java.runtime.version" value="1.8.0_211-b12"/><property name="java.awt.graphicsenv" value="sun.awt.Win32GraphicsEnvironment"/><property name="idea.managed" value="true"/><property name="java.endorsed.dirs" value="C:\Program Files\Java\jdk1.8.0_211\jre\lib\endorsed"/><property name="os.arch" value="amd64"/><property name="java.io.tmpdir" value="C:\Users\laker\AppData\Local\Temp\"/><property name="line.separator" value="
"/><property name="java.vm.specification.vendor" value="Oracle Corporation"/><property name="user.variant" value=""/><property name="os.name" value="Windows 10"/><property name="sbt.log.noformat" value="true"/><property name="sun.jnu.encoding" value="GBK"/><property name="jnidispatch.path" value="C:\Users\laker\AppData\Local\Temp\jna-102736067\jna2857304776211966347.dll"/><property name="java.library.path" value="C:\Program Files\Java\jdk1.8.0_211\bin;C:\WINDOWS\Sun\Java\bin;C:\WINDOWS\system32;C:\WINDOWS;C:\Program Files (x86)\Common Files\Oracle\Java\javapath;C:\Windows\system32;C:\Windows;C:\Windows\System32\Wbem;C:\Windows\System32\WindowsPowerShell\v1.0\;C:\Windows\System32\OpenSSH\;C:\Program Files (x86)\NVIDIA Corporation\PhysX\Common;C:\WINDOWS\system32;C:\WINDOWS;C:\WINDOWS\System32\Wbem;C:\WINDOWS\System32\WindowsPowerShell\v1.0\;C:\WINDOWS\System32\OpenSSH\;C:\Python27\;C:\Python27\Scripts;C:\Program Files\NVIDIA Corporation\NVIDIA NvDLISR;C:\WINDOWS\system32;C:\WINDOWS;C:\WINDOWS\System32\Wbem;C:\WINDOWS\System32\WindowsPowerShell\v1.0\;C:\WINDOWS\System32\OpenSSH\;C:\Program Files\Java\jdk1.8.0_211\bin;C:\Program Files (x86)\Intel\Intel(R) Management Engine Components\DAL;C:\Program Files\Intel\Intel(R) Management Engine Components\DAL;C:\Program Files\Git\cmd;C:\Users\laker\AppData\Local\Microsoft\WindowsApps;C:\Users\laker\AppData\Local\Programs\Microsoft VS Code\bin;C:\Users\laker\AppData\Local\Microsoft\WindowsApps;;."/><property name="java.specification.name" value="Java Platform API Specification"/><property name="java.class.version" value="52.0"/><property name="sun.management.compiler" value="HotSpot 64-Bit Tiered Compilers"/><property name="os.version" value="10.0"/><property name="user.home" value="C:\Users\laker"/><property name="user.timezone" value="America/Los_Angeles"/><property name="java.awt.printerjob" value="sun.awt.windows.WPrinterJob"/><property name="file.encoding" value="UTF-8"/><property name="java.specification.version" value="1.8"/><property name="java.class.path" value="C:\Users\laker\AppData\Roaming\JetBrains\IdeaIC2020.1\plugins\Scala\launcher\sbt-launch.jar"/><property name="user.name" value="laker"/><property name="jline.shutdownhook" value="false"/><property name="java.vm.specification.version" value="1.8"/><property name="sun.java.command" value="C:\Users\laker\AppData\Roaming\JetBrains\IdeaIC2020.1\plugins\Scala\launcher\sbt-launch.jar early(addPluginSbtFile=&quot;&quot;&quot;C:\Users\laker\AppData\Local\Temp\idea3.sbt&quot;&quot;&quot;) ; set ideaPort in Global := 60567 ; idea-shell"/><property name="java.home" value="C:\Program Files\Java\jdk1.8.0_211\jre"/><property name="sun.arch.data.model" value="64"/><property name="user.language" value="zh"/><property name="java.specification.vendor" value="Oracle Corporation"/><property name="awt.toolkit" value="sun.awt.windows.WToolkit"/><property name="java.vm.info" value="mixed mode"/><property name="java.version" value="1.8.0_211"/><property name="java.ext.dirs" value="C:\Program Files\Java\jdk1.8.0_211\jre\lib\ext;C:\WINDOWS\Sun\Java\lib\ext"/><property name="sun.boot.class.path" value="C:\Program Files\Java\jdk1.8.0_211\jre\lib\resources.jar;C:\Program Files\Java\jdk1.8.0_211\jre\lib\rt.jar;C:\Program Files\Java\jdk1.8.0_211\jre\lib\sunrsasign.jar;C:\Program Files\Java\jdk1.8.0_211\jre\lib\jsse.jar;C:\Program Files\Java\jdk1.8.0_211\jre\lib\jce.jar;C:\Program Files\Java\jdk1.8.0_211\jre\lib\charsets.jar;C:\Program Files\Java\jdk1.8.0_211\jre\lib\jfr.jar;C:\Program Files\Java\jdk1.8.0_211\jre\classes"/><property name="java.vendor" value="Oracle Corporation"/><property name="sun.stderr.encoding" value="ms936"/><property name="file.separator" value="\"/><property name="java.vendor.url.bug" value="http://bugreport.sun.com/bugreport/"/><property name="sbt.supershell" value="false"/><property name="sun.io.unicode.encoding" value="UnicodeLittle"/><property name="sun.cpu.endian" value="little"/><property name="sun.stdout.encoding" value="ms936"/><property name="sun.desktop" value="windows"/><property name="sun.cpu.isalist" value="amd64"/>
    </properties>
                     <testcase classname="forcomp.AnagramsSuite" name="get: eat (10pts)" time="0.45">
                                                 
                                               </testcase><testcase classname="forcomp.AnagramsSuite" name="sentenceOccurrences: abcd e (5pts)" time="0.003">
                                                 
                                               </testcase><testcase classname="forcomp.AnagramsSuite" name="wordAnagrams player (2pts)" time="0.001">
                                                 
                                               </testcase><testcase classname="forcomp.AnagramsSuite" name="combinations: [] (8pts)" time="0.001">
                                                 
                                               </testcase><testcase classname="forcomp.AnagramsSuite" name="sentence anagrams: Linux rulez (10pts)" time="0.068">
                                                 
                                               </testcase><testcase classname="forcomp.AnagramsSuite" name="subtract: lard - r (10pts)" time="0.0">
                                                 
                                               </testcase><testcase classname="forcomp.AnagramsSuite" name="wordAnagrams married (2pts)" time="0.001">
                                                 
                                               </testcase><testcase classname="forcomp.AnagramsSuite" name="sentence anagrams: [] (10pts)" time="0.001">
                                                 
                                               </testcase><testcase classname="forcomp.AnagramsSuite" name="wordOccurrences: Robert (3pts)" time="0.0">
                                                 
                                               </testcase><testcase classname="forcomp.AnagramsSuite" name="combinations: abba (8pts)" time="0.0">
                                                 
                                               </testcase><testcase classname="forcomp.AnagramsSuite" name="wordOccurrences: abcd (3pts)" time="0.0">
                                                 
                                               </testcase>
                     <system-out><![CDATA[]]></system-out>
                     <system-err><![CDATA[]]></system-err>
                   </testsuite>